\BOOKMARK [0][-]{chapter*.1}{Abstract}{}% 1
\BOOKMARK [0][-]{chapter*.2}{Kurzfassung}{}% 2
\BOOKMARK [0][-]{chapter*.4}{Acronyms}{}% 3
\BOOKMARK [0][-]{chapter.1}{Introduction}{}% 4
\BOOKMARK [1][-]{section.1.1}{Motivation}{chapter.1}% 5
\BOOKMARK [1][-]{section.1.2}{Objectives}{chapter.1}% 6
\BOOKMARK [1][-]{section.1.3}{Outline}{chapter.1}% 7
\BOOKMARK [0][-]{chapter.2}{Related Work}{}% 8
\BOOKMARK [1][-]{section.2.1}{Field 1}{chapter.2}% 9
\BOOKMARK [1][-]{section.2.2}{Field 2}{chapter.2}% 10
\BOOKMARK [1][-]{section.2.3}{Field 3}{chapter.2}% 11
\BOOKMARK [1][-]{section.2.4}{Field 4}{chapter.2}% 12
\BOOKMARK [1][-]{section.2.5}{Field 5}{chapter.2}% 13
\BOOKMARK [0][-]{chapter.3}{Examples for this Template}{}% 14
\BOOKMARK [1][-]{section.3.1}{Citations}{chapter.3}% 15
\BOOKMARK [1][-]{section.3.2}{Foot notes}{chapter.3}% 16
\BOOKMARK [1][-]{section.3.3}{Strike out}{chapter.3}% 17
\BOOKMARK [1][-]{section.3.4}{Todo marker}{chapter.3}% 18
\BOOKMARK [1][-]{section.3.5}{Abbreviations}{chapter.3}% 19
\BOOKMARK [1][-]{section.3.6}{Equations}{chapter.3}% 20
\BOOKMARK [1][-]{section.3.7}{Algorithms and pseudocode}{chapter.3}% 21
\BOOKMARK [1][-]{section.3.8}{Tables}{chapter.3}% 22
\BOOKMARK [1][-]{section.3.9}{Figures}{chapter.3}% 23
\BOOKMARK [2][-]{subsection.3.9.1}{Referencing Figures}{section.3.9}% 24
\BOOKMARK [0][-]{chapter.4}{Chapter}{}% 25
\BOOKMARK [1][-]{section.4.1}{Section}{chapter.4}% 26
\BOOKMARK [1][-]{section.4.2}{Section}{chapter.4}% 27
\BOOKMARK [2][-]{subsection.4.2.1}{Subsection}{section.4.2}% 28
\BOOKMARK [0][-]{chapter.5}{Chapter}{}% 29
\BOOKMARK [1][-]{section.5.1}{Section}{chapter.5}% 30
\BOOKMARK [1][-]{section.5.2}{Section}{chapter.5}% 31
\BOOKMARK [2][-]{subsection.5.2.1}{Subsection}{section.5.2}% 32
\BOOKMARK [0][-]{chapter.6}{Conclusion and Outlook}{}% 33
\BOOKMARK [0][-]{chapter.6}{Appendix}{}% 34
\BOOKMARK [1][-]{section.Alph0.1}{Publications}{chapter.6}% 35
\BOOKMARK [2][-]{subsection.Alph0.1.1}{Pub 1}{section.Alph0.1}% 36
\BOOKMARK [2][-]{subsection.Alph0.1.2}{Pub 2}{section.Alph0.1}% 37
\BOOKMARK [2][-]{subsection.Alph0.1.3}{Pub 3}{section.Alph0.1}% 38
\BOOKMARK [1][-]{section.Alph0.2}{More}{chapter.6}% 39
\BOOKMARK [2][-]{subsection.Alph0.2.1}{Ex }{section.Alph0.2}% 40
\BOOKMARK [2][-]{subsection.Alph0.2.2}{Pre}{section.Alph0.2}% 41
\BOOKMARK [2][-]{subsection.Alph0.2.3}{Post}{section.Alph0.2}% 42
\BOOKMARK [1][-]{section.Alph0.3}{Less}{chapter.6}% 43
\BOOKMARK [2][-]{subsection.Alph0.3.1}{Ex }{section.Alph0.3}% 44
\BOOKMARK [2][-]{subsection.Alph0.3.2}{Pre}{section.Alph0.3}% 45
\BOOKMARK [2][-]{subsection.Alph0.3.3}{Post}{section.Alph0.3}% 46
\BOOKMARK [0][-]{subsection.Alph0.3.3}{Bibliography}{}% 47
\BOOKMARK [0][-]{appendix*.21}{Acknowledgments}{}% 48
\BOOKMARK [0][-]{appendix*.22}{Curriculum Vitae}{}% 49
